Flow report for tec498_projeto_01
Wed Sep 14 20:59:48 2022
Quartus Prime Version 20.1.1 Build 720 11/11/2020 SJ Lite Edition


---------------------
; Table of Contents ;
---------------------
  1. Legal Notice
  2. Flow Summary
  3. Flow Settings
  4. Flow Non-Default Global Settings
  5. Flow Elapsed Time
  6. Flow OS Summary
  7. Flow Log
  8. Flow Messages
  9. Flow Suppressed Messages



----------------
; Legal Notice ;
----------------
Copyright (C) 2020  Intel Corporation. All rights reserved.
Your use of Intel Corporation's design tools, logic functions 
and other software and tools, and any partner logic 
functions, and any output files from any of the foregoing 
(including device programming or simulation files), and any 
associated documentation or information are expressly subject 
to the terms and conditions of the Intel Program License 
Subscription Agreement, the Intel Quartus Prime License Agreement,
the Intel FPGA IP License Agreement, or other applicable license
agreement, including, without limitation, that your use is for
the sole purpose of programming logic devices manufactured by
Intel and sold by Intel or its authorized distributors.  Please
refer to the applicable agreement for further details, at
https://fpgasoftware.intel.com/eula.



+---------------------------------------------------------------------+
; Flow Summary                                                        ;
+-----------------------+---------------------------------------------+
; Flow Status           ; Successful - Wed Sep 14 20:59:48 2022       ;
; Quartus Prime Version ; 20.1.1 Build 720 11/11/2020 SJ Lite Edition ;
; Revision Name         ; tec498_projeto_01                           ;
; Top-level Entity Name ; subtrator                                   ;
; Family                ; MAX II                                      ;
; Device                ; EPM240T100C5                                ;
; Timing Models         ; Final                                       ;
; Total logic elements  ; 7 / 240 ( 3 % )                             ;
; Total pins            ; 13 / 80 ( 16 % )                            ;
; Total virtual pins    ; 0                                           ;
; UFM blocks            ; 0 / 1 ( 0 % )                               ;
+-----------------------+---------------------------------------------+


+-----------------------------------------+
; Flow Settings                           ;
+-------------------+---------------------+
; Option            ; Setting             ;
+-------------------+---------------------+
; Start date & time ; 09/14/2022 20:59:26 ;
; Main task         ; Compilation         ;
; Revision Name     ; tec498_projeto_01   ;
+-------------------+---------------------+


+---------------------------------------------------------------------------------------------------------------------------+
; Flow Non-Default Global Settings                                                                                          ;
+---------------------------------------+--------------------------------+-------------------+-------------+----------------+
; Assignment Name                       ; Value                          ; Default Value     ; Entity Name ; Section Id     ;
+---------------------------------------+--------------------------------+-------------------+-------------+----------------+
; COMPILER_SIGNATURE_ID                 ; 27214209948140.166319996608320 ; --                ; --          ; --             ;
; EDA_OUTPUT_DATA_FORMAT                ; Verilog Hdl                    ; --                ; --          ; eda_simulation ;
; EDA_SIMULATION_TOOL                   ; ModelSim-Altera (Verilog)      ; <None>            ; --          ; --             ;
; EDA_TIME_SCALE                        ; 1 ps                           ; --                ; --          ; eda_simulation ;
; MAX_CORE_JUNCTION_TEMP                ; 85                             ; --                ; --          ; --             ;
; MIN_CORE_JUNCTION_TEMP                ; 0                              ; --                ; --          ; --             ;
; POWER_EXT_SUPPLY_VOLTAGE_TO_REGULATOR ; 3.3V                           ; --                ; --          ; --             ;
; POWER_PRESET_COOLING_SOLUTION         ; No Heat Sink With Still Air    ; --                ; --          ; --             ;
; PROJECT_OUTPUT_DIRECTORY              ; output_files                   ; --                ; --          ; --             ;
; TOP_LEVEL_ENTITY                      ; subtrator                      ; tec498_projeto_01 ; --          ; --             ;
+---------------------------------------+--------------------------------+-------------------+-------------+----------------+


+--------------------------------------------------------------------------------------------------------------------------+
; Flow Elapsed Time                                                                                                        ;
+----------------------+--------------+-------------------------+---------------------+------------------------------------+
; Module Name          ; Elapsed Time ; Average Processors Used ; Peak Virtual Memory ; Total CPU Time (on all processors) ;
+----------------------+--------------+-------------------------+---------------------+------------------------------------+
; Analysis & Synthesis ; 00:00:10     ; 1.0                     ; 4700 MB             ; 00:00:23                           ;
; Fitter               ; 00:00:01     ; 1.0                     ; 5710 MB             ; 00:00:02                           ;
; Assembler            ; 00:00:01     ; 1.0                     ; 4659 MB             ; 00:00:01                           ;
; Timing Analyzer      ; 00:00:01     ; 1.0                     ; 4675 MB             ; 00:00:01                           ;
; EDA Netlist Writer   ; 00:00:01     ; 1.0                     ; 4620 MB             ; 00:00:01                           ;
; EDA Netlist Writer   ; 00:00:01     ; 1.0                     ; 4609 MB             ; 00:00:01                           ;
; EDA Netlist Writer   ; 00:00:01     ; 1.0                     ; 4618 MB             ; 00:00:01                           ;
; Total                ; 00:00:16     ; --                      ; --                  ; 00:00:30                           ;
+----------------------+--------------+-------------------------+---------------------+------------------------------------+


+------------------------------------------------------------------------------------+
; Flow OS Summary                                                                    ;
+----------------------+------------------+------------+------------+----------------+
; Module Name          ; Machine Hostname ; OS Name    ; OS Version ; Processor type ;
+----------------------+------------------+------------+------------+----------------+
; Analysis & Synthesis ; janelas          ; Windows 10 ; 10.0       ; x86_64         ;
; Fitter               ; janelas          ; Windows 10 ; 10.0       ; x86_64         ;
; Assembler            ; janelas          ; Windows 10 ; 10.0       ; x86_64         ;
; Timing Analyzer      ; janelas          ; Windows 10 ; 10.0       ; x86_64         ;
; EDA Netlist Writer   ; janelas          ; Windows 10 ; 10.0       ; x86_64         ;
; EDA Netlist Writer   ; janelas          ; Windows 10 ; 10.0       ; x86_64         ;
; EDA Netlist Writer   ; janelas          ; Windows 10 ; 10.0       ; x86_64         ;
+----------------------+------------------+------------+------------+----------------+


------------
; Flow Log ;
------------
quartus_map --read_settings_files=on --write_settings_files=off tec498_projeto_01 -c tec498_projeto_01
quartus_fit --read_settings_files=off --write_settings_files=off tec498_projeto_01 -c tec498_projeto_01
quartus_asm --read_settings_files=off --write_settings_files=off tec498_projeto_01 -c tec498_projeto_01
quartus_sta tec498_projeto_01 -c tec498_projeto_01
quartus_eda --read_settings_files=off --write_settings_files=off tec498_projeto_01 -c tec498_projeto_01
quartus_eda --gen_testbench --tool=modelsim_oem --format=verilog --write_settings_files=off tec498_projeto_01 -c tec498_projeto_01 --vector_source=Z:/Programming/faculdade/tec498_projeto_01/src/subtrator.vwf --testbench_file=Z:/Programming/faculdade/tec498_projeto_01/src/simulation/qsim/subtrator.vwf.vt
quartus_eda --write_settings_files=off --simulation=on --functional=on --flatten_buses=off --tool=modelsim_oem --format=verilog --output_directory=Z:/Programming/faculdade/tec498_projeto_01/src/simulation/qsim/ tec498_projeto_01 -c tec498_projeto_01



